{"total": {"lines":{"total":190,"covered":183,"skipped":0,"pct":96.31},"statements":{"total":193,"covered":186,"skipped":0,"pct":96.37},"functions":{"total":29,"covered":28,"skipped":0,"pct":96.55},"branches":{"total":105,"covered":91,"skipped":0,"pct":86.66},"branchesTrue":{"total":0,"covered":0,"skipped":0,"pct":100}}
,"/home/ervin/Desktop/backend-v1/firebase.js": {"lines":{"total":9,"covered":9,"skipped":0,"pct":100},"functions":{"total":0,"covered":0,"skipped":0,"pct":100},"statements":{"total":9,"covered":9,"skipped":0,"pct":100},"branches":{"total":2,"covered":2,"skipped":0,"pct":100}}
,"/home/ervin/Desktop/backend-v1/controllers/aiController.js": {"lines":{"total":31,"covered":24,"skipped":0,"pct":77.41},"functions":{"total":5,"covered":4,"skipped":0,"pct":80},"statements":{"total":31,"covered":24,"skipped":0,"pct":77.41},"branches":{"total":23,"covered":16,"skipped":0,"pct":69.56}}
,"/home/ervin/Desktop/backend-v1/controllers/gamesController.js": {"lines":{"total":7,"covered":7,"skipped":0,"pct":100},"functions":{"total":2,"covered":2,"skipped":0,"pct":100},"statements":{"total":8,"covered":8,"skipped":0,"pct":100},"branches":{"total":0,"covered":0,"skipped":0,"pct":100}}
,"/home/ervin/Desktop/backend-v1/controllers/questionsController.js": {"lines":{"total":37,"covered":37,"skipped":0,"pct":100},"functions":{"total":7,"covered":7,"skipped":0,"pct":100},"statements":{"total":38,"covered":38,"skipped":0,"pct":100},"branches":{"total":4,"covered":4,"skipped":0,"pct":100}}
,"/home/ervin/Desktop/backend-v1/controllers/usersController.js": {"lines":{"total":35,"covered":35,"skipped":0,"pct":100},"functions":{"total":5,"covered":5,"skipped":0,"pct":100},"statements":{"total":35,"covered":35,"skipped":0,"pct":100},"branches":{"total":13,"covered":10,"skipped":0,"pct":76.92}}
,"/home/ervin/Desktop/backend-v1/middleware/authenticate.js": {"lines":{"total":11,"covered":11,"skipped":0,"pct":100},"functions":{"total":1,"covered":1,"skipped":0,"pct":100},"statements":{"total":11,"covered":11,"skipped":0,"pct":100},"branches":{"total":4,"covered":4,"skipped":0,"pct":100}}
,"/home/ervin/Desktop/backend-v1/services/aiQuestionGenerator.js": {"lines":{"total":60,"covered":60,"skipped":0,"pct":100},"functions":{"total":9,"covered":9,"skipped":0,"pct":100},"statements":{"total":61,"covered":61,"skipped":0,"pct":100},"branches":{"total":59,"covered":55,"skipped":0,"pct":93.22}}
}
